# JRE version: Java(TM) SE Runtime Environment (8.0_131-b11) (build 1.8.0_131-b11)
# Java VM: Java HotSpot(TM) 64-Bit Server VM (25.131-b11 mixed mode windows-amd64 compressed oops)
Heap:
 PSYoungGen      total 38400K, used 25508K [0x00000000d5d00000, 0x00000000d8780000, 0x0000000100000000)
  eden space 33280K, 76% used [0x00000000d5d00000,0x00000000d75e93f8,0x00000000d7d80000)
  from space 5120K, 0% used [0x00000000d7d80000,0x00000000d7d80000,0x00000000d8280000)
  to   space 5120K, 0% used [0x00000000d8280000,0x00000000d8280000,0x00000000d8780000)
 ParOldGen       total 63488K, used 696K [0x0000000081600000, 0x0000000085400000, 0x00000000d5d00000)
  object space 63488K, 1% used [0x0000000081600000,0x00000000816ae278,0x0000000085400000)
 Metaspace       used 13943K, capacity 14100K, committed 14336K, reserved 1064960K
  class space    used 1692K, capacity 1778K, committed 1792K, reserved 1048576K
GC Heap History (4 events):
Event: 0.309 GC heap before
{Heap before GC invocations=1 (full 0):
 PSYoungGen      total 38400K, used 5334K [0x00000000d5d00000, 0x00000000d8780000, 0x0000000100000000)
  eden space 33280K, 16% used [0x00000000d5d00000,0x00000000d6235980,0x00000000d7d80000)
  from space 5120K, 0% used [0x00000000d8280000,0x00000000d8280000,0x00000000d8780000)
  to   space 5120K, 0% used [0x00000000d7d80000,0x00000000d7d80000,0x00000000d8280000)
 ParOldGen       total 87552K, used 0K [0x0000000081600000, 0x0000000086b80000, 0x00000000d5d00000)
  object space 87552K, 0% used [0x0000000081600000,0x0000000081600000,0x0000000086b80000)
 Metaspace       used 5161K, capacity 5252K, committed 5376K, reserved 1060864K
  class space    used 606K, capacity 665K, committed 768K, reserved 1048576K
Event: 0.310 GC heap after
Heap after GC invocations=1 (full 0):
 PSYoungGen      total 38400K, used 800K [0x00000000d5d00000, 0x00000000d8780000, 0x0000000100000000)
  eden space 33280K, 0% used [0x00000000d5d00000,0x00000000d5d00000,0x00000000d7d80000)
  from space 5120K, 15% used [0x00000000d7d80000,0x00000000d7e48020,0x00000000d8280000)
  to   space 5120K, 0% used [0x00000000d8280000,0x00000000d8280000,0x00000000d8780000)
 ParOldGen       total 87552K, used 8K [0x0000000081600000, 0x0000000086b80000, 0x00000000d5d00000)
  object space 87552K, 0% used [0x0000000081600000,0x0000000081602000,0x0000000086b80000)
 Metaspace       used 5161K, capacity 5252K, committed 5376K, reserved 1060864K
  class space    used 606K, capacity 665K, committed 768K, reserved 1048576K
}
Event: 0.310 GC heap before
{Heap before GC invocations=2 (full 1):
 PSYoungGen      total 38400K, used 800K [0x00000000d5d00000, 0x00000000d8780000, 0x0000000100000000)
  eden space 33280K, 0% used [0x00000000d5d00000,0x00000000d5d00000,0x00000000d7d80000)
  from space 5120K, 15% used [0x00000000d7d80000,0x00000000d7e48020,0x00000000d8280000)
  to   space 5120K, 0% used [0x00000000d8280000,0x00000000d8280000,0x00000000d8780000)
 ParOldGen       total 87552K, used 8K [0x0000000081600000, 0x0000000086b80000, 0x00000000d5d00000)
  object space 87552K, 0% used [0x0000000081600000,0x0000000081602000,0x0000000086b80000)
 Metaspace       used 5161K, capacity 5252K, committed 5376K, reserved 1060864K
  class space    used 606K, capacity 665K, committed 768K, reserved 1048576K
Event: 0.319 GC heap after
Heap after GC invocations=2 (full 1):
 PSYoungGen      total 38400K, used 0K [0x00000000d5d00000, 0x00000000d8780000, 0x0000000100000000)
  eden space 33280K, 0% used [0x00000000d5d00000,0x00000000d5d00000,0x00000000d7d80000)
  from space 5120K, 0% used [0x00000000d7d80000,0x00000000d7d80000,0x00000000d8280000)
  to   space 5120K, 0% used [0x00000000d8280000,0x00000000d8280000,0x00000000d8780000)
 ParOldGen       total 63488K, used 696K [0x0000000081600000, 0x0000000085400000, 0x00000000d5d00000)
  object space 63488K, 1% used [0x0000000081600000,0x00000000816ae278,0x0000000085400000)
 Metaspace       used 5161K, capacity 5252K, committed 5376K, reserved 1058816K
  class space    used 606K, capacity 665K, committed 768K, reserved 1048576K
}

